<?xml version="1.0" encoding="UTF-8"?>
<testsuite name="lk.earth.earthuniversity.EarthuniversityApplicationTests" tests="1" skipped="0" failures="0" errors="0" timestamp="2026-07-19T18:17:31" hostname="PORTABLEDR4G0N" time="0.283">
  <properties/>
  <testcase name="contextLoads()" classname="lk.earth.earthuniversity.EarthuniversityApplicationTests" time="0.283"/>
  <system-out><![CDATA[23:47:14.574 [Test worker] DEBUG org.springframework.test.context.BootstrapUtils - Instantiating CacheAwareContextLoaderDelegate from class [org.springframework.test.context.cache.DefaultCacheAwareContextLoaderDelegate]
23:47:14.603 [Test worker] DEBUG org.springframework.test.context.BootstrapUtils - Instantiating BootstrapContext using constructor [public org.springframework.test.context.support.DefaultBootstrapContext(java.lang.Class,org.springframework.test.context.CacheAwareContextLoaderDelegate)]
23:47:14.671 [Test worker] DEBUG org.springframework.test.context.BootstrapUtils - Instantiating TestContextBootstrapper for test class [lk.earth.earthuniversity.EarthuniversityApplicationTests] from class [org.springframework.boot.test.context.SpringBootTestContextBootstrapper]
23:47:14.690 [Test worker] INFO org.springframework.boot.test.context.SpringBootTestContextBootstrapper - Neither @ContextConfiguration nor @ContextHierarchy found for test class [lk.earth.earthuniversity.EarthuniversityApplicationTests], using SpringBootContextLoader
23:47:14.699 [Test worker] DEBUG org.springframework.test.context.support.AbstractContextLoader - Did not detect default resource location for test class [lk.earth.earthuniversity.EarthuniversityApplicationTests]: class path resource [lk/earth/earthuniversity/EarthuniversityApplicationTests-context.xml] does not exist
23:47:14.700 [Test worker] DEBUG org.springframework.test.context.support.AbstractContextLoader - Did not detect default resource location for test class [lk.earth.earthuniversity.EarthuniversityApplicationTests]: class path resource [lk/earth/earthuniversity/EarthuniversityApplicationTestsContext.groovy] does not exist
23:47:14.700 [Test worker] INFO org.springframework.test.context.support.AbstractContextLoader - Could not detect default resource locations for test class [lk.earth.earthuniversity.EarthuniversityApplicationTests]: no resource found for suffixes {-context.xml, Context.groovy}.
23:47:14.702 [Test worker] INFO org.springframework.test.context.support.AnnotationConfigContextLoaderUtils - Could not detect default configuration classes for test class [lk.earth.earthuniversity.EarthuniversityApplicationTests]: EarthuniversityApplicationTests does not declare any static, non-private, non-final, nested classes annotated with @Configuration.
23:47:14.796 [Test worker] DEBUG org.springframework.test.context.support.ActiveProfilesUtils - Could not find an 'annotation declaring class' for annotation type [org.springframework.test.context.ActiveProfiles] and class [lk.earth.earthuniversity.EarthuniversityApplicationTests]
23:47:14.925 [Test worker] DEBUG org.springframework.context.annotation.ClassPathScanningCandidateComponentProvider - Identified candidate component class: file [C:\AKASH\GN Application\V3\ServerApp\build\classes\java\main\lk\earth\earthuniversity\EarthuniversityApplication.class]
23:47:14.929 [Test worker] INFO org.springframework.boot.test.context.SpringBootTestContextBootstrapper - Found @SpringBootConfiguration lk.earth.earthuniversity.EarthuniversityApplication for test class lk.earth.earthuniversity.EarthuniversityApplicationTests
23:47:15.164 [Test worker] DEBUG org.springframework.boot.test.context.SpringBootTestContextBootstrapper - @TestExecutionListeners is not present for class [lk.earth.earthuniversity.EarthuniversityApplicationTests]: using defaults.
23:47:15.166 [Test worker] INFO org.springframework.boot.test.context.SpringBootTestContextBootstrapper - Loaded default TestExecutionListener class names from location [META-INF/spring.factories]: [org.springframework.security.test.context.support.WithSecurityContextTestExecutionListener, org.springframework.security.test.context.support.ReactorContextTestExecutionListener, org.springframework.boot.test.autoconfigure.restdocs.RestDocsTestExecutionListener, org.springframework.boot.test.autoconfigure.web.client.MockRestServiceServerResetTestExecutionListener, org.springframework.boot.test.autoconfigure.web.servlet.MockMvcPrintOnlyOnFailureTestExecutionListener, org.springframework.boot.test.autoconfigure.web.servlet.WebDriverTestExecutionListener, org.springframework.boot.test.autoconfigure.webservices.client.MockWebServiceServerTestExecutionListener, org.springframework.boot.test.mock.mockito.MockitoTestExecutionListener, org.springframework.boot.test.mock.mockito.ResetMocksTestExecutionListener, org.springframework.test.context.web.ServletTestExecutionListener, org.springframework.test.context.support.DirtiesContextBeforeModesTestExecutionListener, org.springframework.test.context.event.ApplicationEventsTestExecutionListener, org.springframework.test.context.support.DependencyInjectionTestExecutionListener, org.springframework.test.context.support.DirtiesContextTestExecutionListener, org.springframework.test.context.transaction.TransactionalTestExecutionListener, org.springframework.test.context.jdbc.SqlScriptsTestExecutionListener, org.springframework.test.context.event.EventPublishingTestExecutionListener]
23:47:15.201 [Test worker] INFO org.springframework.boot.test.context.SpringBootTestContextBootstrapper - Using TestExecutionListeners: [org.springframework.test.context.web.ServletTestExecutionListener@51c929ae, org.springframework.test.context.support.DirtiesContextBeforeModesTestExecutionListener@3c8bdd5b, org.springframework.test.context.event.ApplicationEventsTestExecutionListener@29d2d081, org.springframework.boot.test.mock.mockito.MockitoTestExecutionListener@40e4ea87, org.springframework.boot.test.autoconfigure.SpringBootDependencyInjectionTestExecutionListener@58783f6c, org.springframework.test.context.support.DirtiesContextTestExecutionListener@3a7b503d, org.springframework.test.context.transaction.TransactionalTestExecutionListener@512d92b, org.springframework.test.context.jdbc.SqlScriptsTestExecutionListener@62c5bbdc, org.springframework.security.test.context.support.WithSecurityContextTestExecutionListener@7bdf6bb7, org.springframework.test.context.event.EventPublishingTestExecutionListener@1bc53649, org.springframework.security.test.context.support.ReactorContextTestExecutionListener@88d6f9b, org.springframework.boot.test.autoconfigure.restdocs.RestDocsTestExecutionListener@47d93e0d, org.springframework.boot.test.autoconfigure.web.client.MockRestServiceServerResetTestExecutionListener@475b7792, org.springframework.boot.test.autoconfigure.web.servlet.MockMvcPrintOnlyOnFailureTestExecutionListener@751e664e, org.springframework.boot.test.autoconfigure.web.servlet.WebDriverTestExecutionListener@160c3ec1, org.springframework.boot.test.autoconfigure.webservices.client.MockWebServiceServerTestExecutionListener@182b435b, org.springframework.boot.test.mock.mockito.ResetMocksTestExecutionListener@4d0402b]
23:47:15.209 [Test worker] DEBUG org.springframework.test.context.support.AbstractDirtiesContextTestExecutionListener - Before test class: context [DefaultTestContext@74d7184a testClass = EarthuniversityApplicationTests, testInstance = [null], testMethod = [null], testException = [null], mergedContextConfiguration = [WebMergedContextConfiguration@51b01960 testClass = EarthuniversityApplicationTests, locations = '{}', classes = '{class lk.earth.earthuniversity.EarthuniversityApplication}', contextInitializerClasses = '[]', activeProfiles = '{}', propertySourceLocations = '{}', propertySourceProperties = '{org.springframework.boot.test.context.SpringBootTestContextBootstrapper=true}', contextCustomizers = set[org.springframework.boot.test.autoconfigure.actuate.metrics.MetricsExportContextCustomizerFactory$DisableMetricExportContextCustomizer@6eeade6c, org.springframework.boot.test.autoconfigure.properties.PropertyMappingContextCustomizer@0, org.springframework.boot.test.autoconfigure.web.servlet.WebDriverContextCustomizerFactory$Customizer@4febb875, org.springframework.boot.test.context.filter.ExcludeFilterContextCustomizer@328cf0e1, org.springframework.boot.test.json.DuplicateJsonObjectContextCustomizerFactory$DuplicateJsonObjectContextCustomizer@183e8023, org.springframework.boot.test.mock.mockito.MockitoContextCustomizer@0, org.springframework.boot.test.web.client.TestRestTemplateContextCustomizer@4ee37ca3, org.springframework.boot.test.context.SpringBootTestArgs@1, org.springframework.boot.test.context.SpringBootTestWebEnvironment@4b2c5e02], resourceBasePath = 'src/main/webapp', contextLoader = 'org.springframework.boot.test.context.SpringBootContextLoader', parent = [null]], attributes = map['org.springframework.test.context.web.ServletTestExecutionListener.activateListener' -> true]], class annotated with @DirtiesContext [false] with mode [null].

  .   ____          _            __ _ _
 /\\ / ___'_ __ _ _(_)_ __  __ _ \ \ \ \
( ( )\___ | '_ | '_| | '_ \/ _` | \ \ \ \
 \\/  ___)| |_)| | | | | || (_| |  ) ) ) )
  '  |____| .__|_| |_|_| |_\__, | / / / /
 =========|_|==============|___/=/_/_/_/
 :: Spring Boot ::               (v2.7.10)

2026-07-19 23:47:15.900  INFO 13380 --- [    Test worker] l.e.e.EarthuniversityApplicationTests    : Starting EarthuniversityApplicationTests using Java 11.0.7 on PortableDR4G0N with PID 13380 (started by Chamidu Akash in C:\AKASH\GN Application\V3\ServerApp)
2026-07-19 23:47:15.903  INFO 13380 --- [    Test worker] l.e.e.EarthuniversityApplicationTests    : No active profile set, falling back to 1 default profile: "default"
2026-07-19 23:47:18.388  INFO 13380 --- [    Test worker] .s.d.r.c.RepositoryConfigurationDelegate : Bootstrapping Spring Data JPA repositories in DEFAULT mode.
2026-07-19 23:47:19.031  INFO 13380 --- [    Test worker] .s.d.r.c.RepositoryConfigurationDelegate : Finished Spring Data repository scanning in 622 ms. Found 70 JPA repository interfaces.
2026-07-19 23:47:20.298  INFO 13380 --- [    Test worker] com.zaxxer.hikari.HikariDataSource       : HikariPool-1 - Starting...
2026-07-19 23:47:20.973  INFO 13380 --- [    Test worker] com.zaxxer.hikari.HikariDataSource       : HikariPool-1 - Start completed.
2026-07-19 23:47:21.285  INFO 13380 --- [    Test worker] o.hibernate.jpa.internal.util.LogHelper  : HHH000204: Processing PersistenceUnitInfo [name: default]
2026-07-19 23:47:21.562  INFO 13380 --- [    Test worker] org.hibernate.Version                    : HHH000412: Hibernate ORM core version 5.6.15.Final
2026-07-19 23:47:21.959  INFO 13380 --- [    Test worker] o.hibernate.annotations.common.Version   : HCANN000001: Hibernate Commons Annotations {5.1.2.Final}
2026-07-19 23:47:22.271  INFO 13380 --- [    Test worker] org.hibernate.dialect.Dialect            : HHH000400: Using dialect: org.hibernate.dialect.MySQL8Dialect
2026-07-19 23:47:25.334  INFO 13380 --- [    Test worker] o.h.e.t.j.p.i.JtaPlatformInitiator       : HHH000490: Using JtaPlatform implementation: [org.hibernate.engine.transaction.jta.platform.internal.NoJtaPlatform]
2026-07-19 23:47:25.357  INFO 13380 --- [    Test worker] j.LocalContainerEntityManagerFactoryBean : Initialized JPA EntityManagerFactory for persistence unit 'default'
2026-07-19 23:47:29.333  WARN 13380 --- [    Test worker] JpaBaseConfiguration$JpaWebConfiguration : spring.jpa.open-in-view is enabled by default. Therefore, database queries may be performed during view rendering. Explicitly configure spring.jpa.open-in-view to disable this warning
2026-07-19 23:47:30.103  INFO 13380 --- [    Test worker] o.s.s.web.DefaultSecurityFilterChain     : Will secure any request with [org.springframework.security.web.session.DisableEncodeUrlFilter@406ea770, org.springframework.security.web.context.request.async.WebAsyncManagerIntegrationFilter@4ad113d6, org.springframework.security.web.context.SecurityContextPersistenceFilter@6cf7de4e, org.springframework.security.web.header.HeaderWriterFilter@60a6564c, org.springframework.web.filter.CorsFilter@23fed844, org.springframework.security.web.authentication.logout.LogoutFilter@45bb5862, lk.earth.earthuniversity.security.JwtAuthenticationFilter@7b0f5814, lk.earth.earthuniversity.security.JwtAuthorizationFilter@4eef2522, org.springframework.security.web.savedrequest.RequestCacheAwareFilter@56a3da69, org.springframework.security.web.servletapi.SecurityContextHolderAwareRequestFilter@5967f0ff, org.springframework.security.web.authentication.AnonymousAuthenticationFilter@c62d08a, org.springframework.security.web.session.SessionManagementFilter@19e93a38, org.springframework.security.web.access.ExceptionTranslationFilter@68950f25, org.springframework.security.web.access.intercept.FilterSecurityInterceptor@11b26693]
2026-07-19 23:47:31.895  INFO 13380 --- [    Test worker] l.e.e.EarthuniversityApplicationTests    : Started EarthuniversityApplicationTests in 16.62 seconds (JVM running for 19.459)
]]></system-out>
  <system-err><![CDATA[]]></system-err>
</testsuite>
